2025-06-14 13:52:08,664 - INFO - Starting motion detection simulation...
2025-06-14 13:52:08,665 - INFO - Simulated detection: Is the motion harmful? False
2025-06-14 13:52:08,665 - INFO - No harmful motion detected.
2025-06-14 13:52:08,666 - INFO - No harmful motion detected. No alert generated.
2025-06-14 13:56:04,287 - INFO - Starting motion detection simulation...
2025-06-14 13:56:04,288 - INFO - Simulated detection: Is the motion harmful? False
2025-06-14 13:56:04,288 - INFO - No harmful motion detected.
2025-06-14 13:56:04,288 - INFO - No harmful motion detected. No alert generated.
2025-06-14 13:59:36,877 - INFO - Starting motion detection simulation...
2025-06-14 13:59:36,878 - INFO - Simulated detection: Is the motion harmful? True
2025-06-14 13:59:36,878 - INFO - Generated alert: Harmful motion detected: Possible weapon in video!
2025-06-14 13:59:36,879 - INFO - Preparing to send email alert...
2025-06-14 13:59:39,823 - ERROR - Failed to send email alert: (535, b'5.7.8 Username and Password not accepted. For more information, go to\n5.7.8  https://support.google.com/mail/?p=BadCredentials d2e1a72fcca58-7488ffecfbasm3020090b3a.15 - gsmtp')
2025-06-14 13:59:39,825 - INFO - Alert saved to C:\CrimeSense\alerts.txt
2025-06-14 13:59:39,827 - WARNING - Email alert failed, but alert was saved to alerts.txt as a fallback.
2025-06-14 14:02:44,534 - INFO - Starting motion detection simulation...
2025-06-14 14:02:44,535 - INFO - Simulated detection: Is the motion harmful? False
2025-06-14 14:02:44,535 - INFO - No harmful motion detected.
2025-06-14 14:02:44,536 - INFO - No harmful motion detected. No alert generated.
2025-06-14 14:06:31,882 - INFO - Starting motion detection simulation...
2025-06-14 14:06:31,883 - INFO - Simulated detection: Is the motion harmful? True
2025-06-14 14:06:31,883 - INFO - Generated alert: Harmful motion detected: Possible weapon in video!
2025-06-14 14:06:31,884 - INFO - Alert saved to C:\CrimeSense\alerts.txt
2025-06-14 14:11:39,173 - INFO - Starting motion detection simulation...
2025-06-14 14:11:39,173 - INFO - Simulated detection: Is the motion harmful? False
2025-06-14 14:11:39,173 - INFO - No harmful motion detected.
2025-06-14 14:11:39,174 - INFO - No harmful motion detected. No alert generated.
2025-06-14 14:12:30,276 - INFO - Starting motion detection simulation...
2025-06-14 14:12:30,277 - INFO - Simulated detection: Is the motion harmful? True
2025-06-14 14:12:30,277 - INFO - Generated alert: Harmful motion detected: Possible weapon in video!
2025-06-14 14:12:30,279 - INFO - Alert saved to C:\CrimeSense\alerts.txt
2025-06-14 14:26:35,096 - INFO - Starting motion detection simulation...
2025-06-14 14:26:35,098 - INFO - Simulated detection: Is the motion harmful? False
2025-06-14 14:26:35,098 - INFO - No harmful motion detected.
2025-06-14 14:26:35,098 - INFO - No harmful motion detected. No alert generated.
2025-06-14 14:35:23,470 - INFO - Starting motion detection simulation...
2025-06-14 14:35:23,471 - INFO - Simulated detection: Is the motion harmful? True
2025-06-14 14:35:23,472 - INFO - Generated alert: Harmful motion detected: Possible weapon in video!
2025-06-14 14:35:23,473 - INFO - Alert saved to C:\CrimeSense\alerts.txt
2025-06-14 14:51:09,030 - INFO - Starting motion detection simulation...
2025-06-14 14:51:09,030 - INFO - Simulated detection: Is the motion harmful? True
2025-06-14 14:51:09,030 - INFO - Generated alert: Harmful motion detected: Possible weapon in video!
2025-06-14 14:51:09,031 - INFO - Alert saved to C:\CrimeSense\alerts.txt
2025-06-14 22:22:23,364 - INFO - Starting motion detection simulation...
2025-06-14 22:22:23,364 - INFO - Simulated detection: Is the motion harmful? True
2025-06-14 22:22:23,364 - INFO - Generated alert: Harmful motion detected: Possible weapon in video!
2025-06-14 22:22:23,364 - INFO - Alert saved to C:\CrimeSense\alerts.txt
2025-06-15 09:15:39,157 - INFO - Starting motion detection simulation...
2025-06-15 09:15:39,158 - INFO - Simulated detection: Is the motion harmful? True
2025-06-15 09:15:39,158 - INFO - Generated alert: Harmful motion detected: Possible weapon in video!
2025-06-15 09:15:39,159 - INFO - Alert saved to C:\CrimeSense\alerts.txt
2025-06-20 21:16:06,041 - INFO - Starting motion detection simulation...
2025-06-20 21:16:06,043 - INFO - Simulated detection: Is the motion harmful? True
2025-06-20 21:16:06,043 - INFO - Generated alert: Harmful motion detected: Possible weapon in video!
2025-06-20 21:16:06,045 - INFO - Alert saved to C:\CrimeSense\alerts.txt
2025-06-20 21:18:50,807 - INFO - Starting motion detection simulation...
2025-06-20 21:18:50,808 - INFO - Simulated detection: Is the motion harmful? True
2025-06-20 21:18:50,808 - INFO - Generated alert: Harmful motion detected: Possible weapon in video!
2025-06-20 21:18:50,809 - INFO - Alert saved to C:\CrimeSense\alerts.txt
